[2020-06-21 14:06:18] [FINE   ] Command Add Point 97 53 -4144960 
[2020-06-21 14:06:19] [FINE   ] Command Add Line 345 143 71 104 -10092442 
[2020-06-21 14:06:19] [FINE   ] Command Add Square 91 212 22 -10092442 -4144960 
[2020-06-21 14:06:19] [FINE   ] Command Add Rectangle 218 187 22 33 -10092442 -4144960 
[2020-06-21 14:06:19] [FINE   ] Command Add Circle 373 231 22 -10092442 -4144960 
[2020-06-21 14:06:20] [FINE   ] Command Add Hexagon 366 42 12 -10092442 -4144960 
[2020-06-21 14:06:30] [FINE   ] Command Modify Point 97 53 -4144960 -> Point 97 53 -10092493 
[2020-06-21 14:06:44] [FINE   ] Command Modify Hexagon 366 42 12 -3407668 -16724737 -> Hexagon 366 42 12 -3407668 -16724737 
[2020-06-21 14:08:45] [FINE   ] Command Add Point 97 53 -4144960 
[2020-06-21 14:09:23] [FINE   ] Command Add Line 345 143 71 104 -10092442 
[2020-06-21 14:09:24] [FINE   ] Command Add Square 91 212 22 -10092442 -4144960 
[2020-06-21 14:09:24] [FINE   ] Command Add Rectangle 218 187 22 33 -10092442 -4144960 
[2020-06-21 14:09:24] [FINE   ] Command Add Circle 373 231 22 -10092442 -4144960 
[2020-06-21 14:09:24] [FINE   ] Command Add Hexagon 366 42 12 -10092442 -4144960 
[2020-06-21 14:09:25] [FINE   ] Command Modify Point 97 53 -4144960 -> Point 97 53 -10092493 
[2020-06-21 14:09:28] [FINE   ] Command Modify Hexagon 366 42 12 -3407668 -16724737 -> Hexagon 366 42 12 -3407668 -16724737 
[2020-06-21 14:10:08] [FINE   ] Command Add Point 97 53 -4144960 
[2020-06-21 14:10:08] [FINE   ] Command Add Line 345 143 71 104 -10092442 
[2020-06-21 14:10:08] [FINE   ] Command Add Square 91 212 22 -10092442 -4144960 
[2020-06-21 14:10:08] [FINE   ] Command Add Rectangle 218 187 22 33 -10092442 -4144960 
[2020-06-21 14:10:08] [FINE   ] Command Add Circle 373 231 22 -10092442 -4144960 
[2020-06-21 14:10:08] [FINE   ] Command Add Hexagon 366 42 12 -10092442 -4144960 
[2020-06-21 14:10:09] [FINE   ] Command Modify Point 97 53 -4144960 -> Point 97 53 -10092493 
[2020-06-21 14:10:11] [FINE   ] Command Modify Hexagon 366 42 12 -3407668 -16724737 -> Hexagon 366 42 12 -3407668 -16724737 
