[2020-07-03 23:19:49] [FINE   ] Command Add Point 229 105 -4144960 
[2020-07-03 23:19:55] [FINE   ] Command Add Line 491 78 823 177 -4144960 
[2020-07-03 23:20:05] [FINE   ] Command Add Square 692 139 54 -4144960 -4144960 
[2020-07-03 23:20:17] [FINE   ] Command Modify Square 692 139 54 -4144960 -4144960 -> Square 692 139 54 -39424 -6724096 
[2020-07-03 23:20:33] [FINE   ] Command Modify Line 491 78 823 177 -4144960 -> Line 491 78 823 177 -52327 
[2020-07-03 23:20:43] [FINE   ] Command Add Rectangle 670 128 54 55 -52327 -6724096 
[2020-07-03 23:20:57] [FINE   ] Command Add Circle 724 187 258 -52327 -6724096 
[2020-07-03 23:21:49] [FINE   ] Command Remove Rectangle 670 128 54 55 -52327 -6724096 
[2020-07-03 23:21:49] [FINE   ] Command Remove Square 692 139 54 -39424 -6724096 
[2020-07-03 23:21:49] [FINE   ] Command Remove Line 491 78 823 177 -52327 
[2020-07-03 23:21:49] [FINE   ] Command Remove Circle 724 187 258 -52327 -6724096 
[2020-07-03 23:22:03] [FINE   ] Command Modify Point 229 105 -4144960 -> Point 229 105 -10040320 
[2020-07-03 23:22:10] [FINE   ] Command Add Circle 707 161 40 -52327 -6724096 
[2020-07-03 23:22:16] [FINE   ] Command Add Square 699 156 48 -52327 -6724096 
[2020-07-03 23:22:29] [FINE   ] Command Modify Square 699 156 48 -52327 -6724096 -> Square 699 156 48 -52327 -65383 
[2020-07-03 23:22:37] [FINE   ] Command Modify Square 699 156 48 -52327 -65383 -> Square 699 156 48 -13261 -13159 
[2020-07-03 23:22:50] [FINE   ] Command Remove Square 699 156 48 -13261 -13159 
[2020-07-03 23:22:55] [FINE   ] Command Add Hexagon 447 216 25 -13261 -13159 
[2020-07-03 23:23:25] [FINE   ] Command Modify Hexagon 447 216 25 -13261 -10027162 -> Hexagon 447 216 25 -13261 -10027162 
[2020-07-03 23:23:44] [FINE   ] Command Remove Hexagon 447 216 25 -13261 -10027162 
[2020-07-03 23:23:44] [FINE   ] Command Remove Circle 707 161 40 -52327 -6724096 
[2020-07-03 23:23:44] [FINE   ] Command Remove Point 229 105 -10040320 
[2020-07-03 23:23:47] [FINE   ] Command Add Square 550 155 55 -13261 -10027162 
[2020-07-03 23:23:56] [FINE   ] Command Add Rectangle 137 100 55 78 -13261 -10027162 
[2020-07-03 23:24:07] [FINE   ] Command Add Rectangle 360 173 55 55 -13261 -6750004 
[2020-07-03 23:24:32] [FINE   ] Command Modify Rectangle 137 100 55 78 -3407872 -10027162 -> Rectangle 137 100 55 78 -3407872 -10027162 
[2020-07-03 23:24:39] [FINE   ] Command Modify Rectangle 137 100 55 78 -3407872 -10027162 -> Rectangle 137 100 55 78 -3407872 -10027162 Undo 
[2020-07-03 23:24:41] [FINE   ] Command Add Rectangle 360 173 55 55 -13261 -6750004 Undo 
[2020-07-03 23:24:42] [FINE   ] Command Add Rectangle 137 100 55 78 -3407872 -10027162 Undo 
[2020-07-03 23:24:43] [FINE   ] Command Add Rectangle 137 100 55 78 -3407872 -10027162 Redo 
[2020-07-03 23:24:45] [FINE   ] Command Add Rectangle 137 100 55 78 -3407872 -10027162 Undo 
[2020-07-03 23:24:46] [FINE   ] Command Add Rectangle 137 100 55 78 -3407872 -10027162 Redo 
[2020-07-03 23:24:47] [FINE   ] Command Add Rectangle 360 173 55 55 -13261 -6750004 Redo 
[2020-07-03 23:25:40] [FINE   ] Application is closed. 
